<?xml version="1.0" encoding="UTF-8"?>
<testng-results skipped="0" failed="0" total="1" passed="1">
  <reporter-output>
  </reporter-output>
  <suite name="Default suite" duration-ms="89509" started-at="2020-12-24T05:52:04Z" finished-at="2020-12-24T05:53:34Z">
    <groups>
    </groups>
    <test name="Default test" duration-ms="89509" started-at="2020-12-24T05:52:04Z" finished-at="2020-12-24T05:53:34Z">
      <class name="com.andriod.Examples.SwitchingNativeNBrowser">
        <test-method status="PASS" signature="setup()[pri:0, instance:com.andriod.Examples.SwitchingNativeNBrowser@5622fdf]" name="setup" is-config="true" duration-ms="23855" started-at="2020-12-24T11:21:41Z" finished-at="2020-12-24T11:22:04Z">
          <reporter-output>
          </reporter-output>
        </test-method> <!-- setup -->
        <test-method status="PASS" signature="switchingNativeAppNBrowser()[pri:0, instance:com.andriod.Examples.SwitchingNativeNBrowser@5622fdf]" name="switchingNativeAppNBrowser" duration-ms="89414" started-at="2020-12-24T11:22:05Z" finished-at="2020-12-24T11:23:34Z">
          <reporter-output>
          </reporter-output>
        </test-method> <!-- switchingNativeAppNBrowser -->
      </class> <!-- com.andriod.Examples.SwitchingNativeNBrowser -->
    </test> <!-- Default test -->
  </suite> <!-- Default suite -->
</testng-results>
